<?xml version="1.0" encoding="UTF-8"?>
<testng-results skipped="0" failed="2" ignored="8" total="18" passed="8">
  <reporter-output>
  </reporter-output>
  <suite name="Suite" duration-ms="0" started-at="2018-08-13T13:33:02Z" finished-at="2018-08-13T13:33:02Z">
    <groups>
    </groups>
  </suite> <!-- Suite -->
  <suite name="TubbrTestSuite1" duration-ms="18437" started-at="2018-08-13T13:32:03Z" finished-at="2018-08-13T13:32:21Z">
    <groups>
    </groups>
    <test name="Test1" duration-ms="18437" started-at="2018-08-13T13:32:03Z" finished-at="2018-08-13T13:32:21Z">
      <class name="com.tubbrApp.LoginTest">
        <test-method status="PASS" signature="checkLoginPage()[pri:0, instance:com.tubbrApp.LoginTest@4e9ba398]" name="checkLoginPage" duration-ms="1670" started-at="2018-08-13T13:32:07Z" finished-at="2018-08-13T13:32:08Z">
          <reporter-output>
          </reporter-output>
        </test-method> <!-- checkLoginPage -->
        <test-method status="PASS" signature="LoginViaUsername()[pri:1, instance:com.tubbrApp.LoginTest@4e9ba398]" name="LoginViaUsername" duration-ms="2377" started-at="2018-08-13T13:32:19Z" finished-at="2018-08-13T13:32:21Z">
          <reporter-output>
          </reporter-output>
        </test-method> <!-- LoginViaUsername -->
      </class> <!-- com.tubbrApp.LoginTest -->
      <class name="com.tubbrApp.LogoutTest">
        <test-method status="FAIL" signature="logoutTubbr()[pri:0, instance:com.tubbrApp.LogoutTest@6d7b4f4c]" name="logoutTubbr" duration-ms="10563" started-at="2018-08-13T13:32:08Z" finished-at="2018-08-13T13:32:19Z">
          <exception class="org.openqa.selenium.NoSuchElementException">
            <message>
              <![CDATA[Can't locate an element by this strategy: Locator map: 
- native content: "By.chained({By.id: com.tubbr:id/tubbr_icon})" 
- html content: "by id or name "tubbrHeader""]]>
            </message>
            <full-stacktrace>
              <![CDATA[org.openqa.selenium.NoSuchElementException: Can't locate an element by this strategy: Locator map: 
- native content: "By.chained({By.id: com.tubbr:id/tubbr_icon})" 
- html content: "by id or name "tubbrHeader""
at io.appium.java_client.pagefactory.AppiumElementLocator.findElement(AppiumElementLocator.java:102)
at io.appium.java_client.pagefactory.interceptors.InterceptorOfASingleElement.intercept(InterceptorOfASingleElement.java:61)
at io.appium.java_client.android.AndroidElement$$EnhancerByCGLIB$$b598166c.click(<generated>)
at pages.TubbrHome.gotoProfile(TubbrHome.java:33)
at com.tubbrApp.LogoutTest.logoutTubbr(LogoutTest.java:38)
at sun.reflect.NativeMethodAccessorImpl.invoke0(Native Method)
at sun.reflect.NativeMethodAccessorImpl.invoke(Unknown Source)
at sun.reflect.DelegatingMethodAccessorImpl.invoke(Unknown Source)
at java.lang.reflect.Method.invoke(Unknown Source)
at org.testng.internal.MethodInvocationHelper.invokeMethod(MethodInvocationHelper.java:124)
at org.testng.internal.Invoker.invokeMethod(Invoker.java:580)
at org.testng.internal.Invoker.invokeTestMethod(Invoker.java:716)
at org.testng.internal.Invoker.invokeTestMethods(Invoker.java:988)
at org.testng.internal.TestMethodWorker.invokeTestMethods(TestMethodWorker.java:125)
at org.testng.internal.TestMethodWorker.run(TestMethodWorker.java:109)
at org.testng.TestRunner.privateRun(TestRunner.java:648)
at org.testng.TestRunner.run(TestRunner.java:505)
at org.testng.SuiteRunner.runTest(SuiteRunner.java:455)
at org.testng.SuiteRunner.access$000(SuiteRunner.java:40)
at org.testng.SuiteRunner$SuiteWorker.run(SuiteRunner.java:489)
at org.testng.internal.thread.ThreadUtil$1.call(ThreadUtil.java:52)
at java.util.concurrent.FutureTask.run(Unknown Source)
at java.util.concurrent.ThreadPoolExecutor.runWorker(Unknown Source)
at java.util.concurrent.ThreadPoolExecutor$Worker.run(Unknown Source)
at java.lang.Thread.run(Unknown Source)
Caused by: org.openqa.selenium.TimeoutException: Expected condition failed: waiting for io.appium.java_client.pagefactory.AppiumElementLocator$WaitingFunction@4bdcd68b (tried for 5 second(s) with 500 MILLISECONDS interval)
at org.openqa.selenium.support.ui.FluentWait.timeoutException(FluentWait.java:263)
at org.openqa.selenium.support.ui.FluentWait.until(FluentWait.java:231)
at io.appium.java_client.pagefactory.AppiumElementLocator.waitFor(AppiumElementLocator.java:76)
at io.appium.java_client.pagefactory.AppiumElementLocator.findElement(AppiumElementLocator.java:95)
... 24 more
Caused by: org.openqa.selenium.NoSuchElementException: Cannot locate an element using By.chained({By.id: com.tubbr:id/tubbr_icon})
For documentation on this error, please visit: http://seleniumhq.org/exceptions/no_such_element.html
Build info: version: '3.6.0', revision: '6fbf3ec767', time: '2017-09-27T15:28:36.4Z'
System info: host: 'YI1003903DT', ip: '10.26.8.41', os.name: 'Windows 7', os.arch: 'amd64', os.version: '6.1', java.version: '1.8.0_45'
Driver info: driver.version: AndroidDriver
at io.appium.java_client.pagefactory.bys.builder.ByChained.findElement(ByChained.java:72)
at org.openqa.selenium.remote.RemoteWebDriver.findElement(RemoteWebDriver.java:348)
at io.appium.java_client.DefaultGenericMobileDriver.findElement(DefaultGenericMobileDriver.java:58)
at io.appium.java_client.AppiumDriver.findElement(AppiumDriver.java:1)
at io.appium.java_client.android.AndroidDriver.findElement(AndroidDriver.java:1)
at io.appium.java_client.pagefactory.bys.ContentMappedBy.findElement(ContentMappedBy.java:36)
at org.openqa.selenium.remote.RemoteWebDriver.findElement(RemoteWebDriver.java:348)
at io.appium.java_client.DefaultGenericMobileDriver.findElement(DefaultGenericMobileDriver.java:58)
at io.appium.java_client.AppiumDriver.findElement(AppiumDriver.java:1)
at io.appium.java_client.android.AndroidDriver.findElement(AndroidDriver.java:1)
at io.appium.java_client.pagefactory.AppiumElementLocator.lambda$0(AppiumElementLocator.java:96)
at io.appium.java_client.pagefactory.AppiumElementLocator$$Lambda$110/612489091.get(Unknown Source)
at io.appium.java_client.pagefactory.AppiumElementLocator$WaitingFunction.apply(AppiumElementLocator.java:150)
at io.appium.java_client.pagefactory.AppiumElementLocator$WaitingFunction.apply(AppiumElementLocator.java:1)
at org.openqa.selenium.support.ui.FluentWait.until(FluentWait.java:208)
... 26 more
]]>
            </full-stacktrace>
          </exception> <!-- org.openqa.selenium.NoSuchElementException -->
          <reporter-output>
          </reporter-output>
        </test-method> <!-- logoutTubbr -->
      </class> <!-- com.tubbrApp.LogoutTest -->
      <class name="com.tubbrApp.LaunchPageTest">
        <test-method status="PASS" signature="setUpAppium(java.lang.String, java.lang.String, java.lang.String)[pri:0, instance:com.tubbrApp.LaunchPageTest@2286778]" name="setUpAppium" is-config="true" duration-ms="52954" started-at="2018-08-13T13:31:10Z" finished-at="2018-08-13T13:32:03Z">
          <params>
            <param index="0">
              <value>
                <![CDATA[Android 7.0]]>
              </value>
            </param>
            <param index="1">
              <value>
                <![CDATA[73bee0ca]]>
              </value>
            </param>
            <param index="2">
              <value>
                <![CDATA[8201]]>
              </value>
            </param>
          </params>
          <reporter-output>
          </reporter-output>
        </test-method> <!-- setUpAppium -->
        <test-method status="PASS" signature="setUpPage()[pri:0, instance:com.tubbrApp.LaunchPageTest@2286778]" name="setUpPage" is-config="true" duration-ms="220" started-at="2018-08-13T13:32:03Z" finished-at="2018-08-13T13:32:03Z">
          <reporter-output>
          </reporter-output>
        </test-method> <!-- setUpPage -->
        <test-method status="PASS" signature="setUpPage()[pri:0, instance:com.tubbrApp.LoginTest@4e9ba398]" name="setUpPage" is-config="true" duration-ms="75" started-at="2018-08-13T13:32:03Z" finished-at="2018-08-13T13:32:03Z">
          <reporter-output>
          </reporter-output>
        </test-method> <!-- setUpPage -->
        <test-method status="PASS" signature="setUpPage()[pri:0, instance:com.tubbrApp.LogoutTest@6d7b4f4c]" name="setUpPage" is-config="true" duration-ms="216" started-at="2018-08-13T13:32:03Z" finished-at="2018-08-13T13:32:03Z">
          <reporter-output>
          </reporter-output>
        </test-method> <!-- setUpPage -->
        <test-method status="PASS" signature="checkLaunchPage()[pri:0, instance:com.tubbrApp.LaunchPageTest@2286778]" name="checkLaunchPage" duration-ms="3147" started-at="2018-08-13T13:32:03Z" finished-at="2018-08-13T13:32:07Z">
          <reporter-output>
          </reporter-output>
        </test-method> <!-- checkLaunchPage -->
        <test-method status="PASS" signature="signupPage()[pri:0, instance:com.tubbrApp.LaunchPageTest@2286778]" name="signupPage" duration-ms="127" started-at="2018-08-13T13:32:07Z" finished-at="2018-08-13T13:32:07Z">
          <reporter-output>
          </reporter-output>
        </test-method> <!-- signupPage -->
        <test-method status="PASS" signature="tearDownAppium()[pri:0, instance:com.tubbrApp.LaunchPageTest@2286778]" name="tearDownAppium" is-config="true" duration-ms="1366" started-at="2018-08-13T13:32:21Z" finished-at="2018-08-13T13:32:23Z">
          <reporter-output>
          </reporter-output>
        </test-method> <!-- tearDownAppium -->
      </class> <!-- com.tubbrApp.LaunchPageTest -->
    </test> <!-- Test1 -->
  </suite> <!-- TubbrTestSuite1 -->
  <suite name="TubbrTestSuite" duration-ms="18074" started-at="2018-08-13T13:32:43Z" finished-at="2018-08-13T13:33:01Z">
    <groups>
    </groups>
    <test name="Test1" duration-ms="18074" started-at="2018-08-13T13:32:43Z" finished-at="2018-08-13T13:33:01Z">
      <class name="com.tubbrApp.LoginTest">
        <test-method status="PASS" signature="checkLoginPage()[pri:0, instance:com.tubbrApp.LoginTest@5bc79255]" name="checkLoginPage" duration-ms="1730" started-at="2018-08-13T13:32:47Z" finished-at="2018-08-13T13:32:48Z">
          <reporter-output>
          </reporter-output>
        </test-method> <!-- checkLoginPage -->
        <test-method status="PASS" signature="LoginViaUsername()[pri:1, instance:com.tubbrApp.LoginTest@5bc79255]" name="LoginViaUsername" duration-ms="2204" started-at="2018-08-13T13:32:59Z" finished-at="2018-08-13T13:33:01Z">
          <reporter-output>
          </reporter-output>
        </test-method> <!-- LoginViaUsername -->
      </class> <!-- com.tubbrApp.LoginTest -->
      <class name="com.tubbrApp.LogoutTest">
        <test-method status="FAIL" signature="logoutTubbr()[pri:0, instance:com.tubbrApp.LogoutTest@47ef968d]" name="logoutTubbr" duration-ms="10436" started-at="2018-08-13T13:32:48Z" finished-at="2018-08-13T13:32:59Z">
          <exception class="org.openqa.selenium.NoSuchElementException">
            <message>
              <![CDATA[Can't locate an element by this strategy: Locator map: 
- native content: "By.chained({By.id: com.tubbr:id/tubbr_icon})" 
- html content: "by id or name "tubbrHeader""]]>
            </message>
            <full-stacktrace>
              <![CDATA[org.openqa.selenium.NoSuchElementException: Can't locate an element by this strategy: Locator map: 
- native content: "By.chained({By.id: com.tubbr:id/tubbr_icon})" 
- html content: "by id or name "tubbrHeader""
at io.appium.java_client.pagefactory.AppiumElementLocator.findElement(AppiumElementLocator.java:102)
at io.appium.java_client.pagefactory.interceptors.InterceptorOfASingleElement.intercept(InterceptorOfASingleElement.java:61)
at io.appium.java_client.android.AndroidElement$$EnhancerByCGLIB$$b598166c.click(<generated>)
at pages.TubbrHome.gotoProfile(TubbrHome.java:33)
at com.tubbrApp.LogoutTest.logoutTubbr(LogoutTest.java:38)
at sun.reflect.NativeMethodAccessorImpl.invoke0(Native Method)
at sun.reflect.NativeMethodAccessorImpl.invoke(Unknown Source)
at sun.reflect.DelegatingMethodAccessorImpl.invoke(Unknown Source)
at java.lang.reflect.Method.invoke(Unknown Source)
at org.testng.internal.MethodInvocationHelper.invokeMethod(MethodInvocationHelper.java:124)
at org.testng.internal.Invoker.invokeMethod(Invoker.java:580)
at org.testng.internal.Invoker.invokeTestMethod(Invoker.java:716)
at org.testng.internal.Invoker.invokeTestMethods(Invoker.java:988)
at org.testng.internal.TestMethodWorker.invokeTestMethods(TestMethodWorker.java:125)
at org.testng.internal.TestMethodWorker.run(TestMethodWorker.java:109)
at org.testng.TestRunner.privateRun(TestRunner.java:648)
at org.testng.TestRunner.run(TestRunner.java:505)
at org.testng.SuiteRunner.runTest(SuiteRunner.java:455)
at org.testng.SuiteRunner.access$000(SuiteRunner.java:40)
at org.testng.SuiteRunner$SuiteWorker.run(SuiteRunner.java:489)
at org.testng.internal.thread.ThreadUtil$1.call(ThreadUtil.java:52)
at java.util.concurrent.FutureTask.run(Unknown Source)
at java.util.concurrent.ThreadPoolExecutor.runWorker(Unknown Source)
at java.util.concurrent.ThreadPoolExecutor$Worker.run(Unknown Source)
at java.lang.Thread.run(Unknown Source)
Caused by: org.openqa.selenium.TimeoutException: Expected condition failed: waiting for io.appium.java_client.pagefactory.AppiumElementLocator$WaitingFunction@1e80a616 (tried for 5 second(s) with 500 MILLISECONDS interval)
at org.openqa.selenium.support.ui.FluentWait.timeoutException(FluentWait.java:263)
at org.openqa.selenium.support.ui.FluentWait.until(FluentWait.java:231)
at io.appium.java_client.pagefactory.AppiumElementLocator.waitFor(AppiumElementLocator.java:76)
at io.appium.java_client.pagefactory.AppiumElementLocator.findElement(AppiumElementLocator.java:95)
... 24 more
Caused by: org.openqa.selenium.NoSuchElementException: Cannot locate an element using By.chained({By.id: com.tubbr:id/tubbr_icon})
For documentation on this error, please visit: http://seleniumhq.org/exceptions/no_such_element.html
Build info: version: '3.6.0', revision: '6fbf3ec767', time: '2017-09-27T15:28:36.4Z'
System info: host: 'YI1003903DT', ip: '10.26.8.41', os.name: 'Windows 7', os.arch: 'amd64', os.version: '6.1', java.version: '1.8.0_45'
Driver info: driver.version: AndroidDriver
at io.appium.java_client.pagefactory.bys.builder.ByChained.findElement(ByChained.java:72)
at org.openqa.selenium.remote.RemoteWebDriver.findElement(RemoteWebDriver.java:348)
at io.appium.java_client.DefaultGenericMobileDriver.findElement(DefaultGenericMobileDriver.java:58)
at io.appium.java_client.AppiumDriver.findElement(AppiumDriver.java:1)
at io.appium.java_client.android.AndroidDriver.findElement(AndroidDriver.java:1)
at io.appium.java_client.pagefactory.bys.ContentMappedBy.findElement(ContentMappedBy.java:36)
at org.openqa.selenium.remote.RemoteWebDriver.findElement(RemoteWebDriver.java:348)
at io.appium.java_client.DefaultGenericMobileDriver.findElement(DefaultGenericMobileDriver.java:58)
at io.appium.java_client.AppiumDriver.findElement(AppiumDriver.java:1)
at io.appium.java_client.android.AndroidDriver.findElement(AndroidDriver.java:1)
at io.appium.java_client.pagefactory.AppiumElementLocator.lambda$0(AppiumElementLocator.java:96)
at io.appium.java_client.pagefactory.AppiumElementLocator$$Lambda$110/612489091.get(Unknown Source)
at io.appium.java_client.pagefactory.AppiumElementLocator$WaitingFunction.apply(AppiumElementLocator.java:150)
at io.appium.java_client.pagefactory.AppiumElementLocator$WaitingFunction.apply(AppiumElementLocator.java:1)
at org.openqa.selenium.support.ui.FluentWait.until(FluentWait.java:208)
... 26 more
]]>
            </full-stacktrace>
          </exception> <!-- org.openqa.selenium.NoSuchElementException -->
          <reporter-output>
          </reporter-output>
        </test-method> <!-- logoutTubbr -->
      </class> <!-- com.tubbrApp.LogoutTest -->
      <class name="com.tubbrApp.LaunchPageTest">
        <test-method status="PASS" signature="setUpAppium(java.lang.String, java.lang.String, java.lang.String)[pri:0, instance:com.tubbrApp.LaunchPageTest@6e0e048a]" name="setUpAppium" is-config="true" duration-ms="20095" started-at="2018-08-13T13:32:23Z" finished-at="2018-08-13T13:32:43Z">
          <params>
            <param index="0">
              <value>
                <![CDATA[Android 6.0]]>
              </value>
            </param>
            <param index="1">
              <value>
                <![CDATA[192.168.166.101:5555]]>
              </value>
            </param>
            <param index="2">
              <value>
                <![CDATA[8200]]>
              </value>
            </param>
          </params>
          <reporter-output>
          </reporter-output>
        </test-method> <!-- setUpAppium -->
        <test-method status="PASS" signature="setUpPage()[pri:0, instance:com.tubbrApp.LaunchPageTest@6e0e048a]" name="setUpPage" is-config="true" duration-ms="292" started-at="2018-08-13T13:32:43Z" finished-at="2018-08-13T13:32:43Z">
          <reporter-output>
          </reporter-output>
        </test-method> <!-- setUpPage -->
        <test-method status="PASS" signature="setUpPage()[pri:0, instance:com.tubbrApp.LoginTest@5bc79255]" name="setUpPage" is-config="true" duration-ms="77" started-at="2018-08-13T13:32:43Z" finished-at="2018-08-13T13:32:43Z">
          <reporter-output>
          </reporter-output>
        </test-method> <!-- setUpPage -->
        <test-method status="PASS" signature="setUpPage()[pri:0, instance:com.tubbrApp.LogoutTest@47ef968d]" name="setUpPage" is-config="true" duration-ms="384" started-at="2018-08-13T13:32:43Z" finished-at="2018-08-13T13:32:44Z">
          <reporter-output>
          </reporter-output>
        </test-method> <!-- setUpPage -->
        <test-method status="PASS" signature="checkLaunchPage()[pri:0, instance:com.tubbrApp.LaunchPageTest@6e0e048a]" name="checkLaunchPage" duration-ms="2819" started-at="2018-08-13T13:32:44Z" finished-at="2018-08-13T13:32:46Z">
          <reporter-output>
          </reporter-output>
        </test-method> <!-- checkLaunchPage -->
        <test-method status="PASS" signature="signupPage()[pri:0, instance:com.tubbrApp.LaunchPageTest@6e0e048a]" name="signupPage" duration-ms="122" started-at="2018-08-13T13:32:46Z" finished-at="2018-08-13T13:32:47Z">
          <reporter-output>
          </reporter-output>
        </test-method> <!-- signupPage -->
        <test-method status="PASS" signature="tearDownAppium()[pri:0, instance:com.tubbrApp.LaunchPageTest@6e0e048a]" name="tearDownAppium" is-config="true" duration-ms="933" started-at="2018-08-13T13:33:01Z" finished-at="2018-08-13T13:33:02Z">
          <reporter-output>
          </reporter-output>
        </test-method> <!-- tearDownAppium -->
      </class> <!-- com.tubbrApp.LaunchPageTest -->
    </test> <!-- Test1 -->
  </suite> <!-- TubbrTestSuite -->
</testng-results>
